<?xml version="1.0" encoding="UTF-8"?>
<con:soapui-project activeEnvironment="Default" name="test_legacy" resourceRoot="" soapui-version="5.0.0" abortOnError="false" runType="SEQUENTIAL" xmlns:con="http://eviware.com/soapui/config"><con:settings><con:setting id="com.eviware.soapui.impl.wsdl.actions.iface.tools.soapui.TestRunnerAction@values-local"><![CDATA[<xml-fragment xmlns:con="http://eviware.com/soapui/config">
  <con:entry key="Environment" value="Default"/>
  <con:entry key="Global Properties" value=""/>
  <con:entry key="TestSuite" value="TestKyivstar"/>
  <con:entry key="Password" value=""/>
  <con:entry key="soapui-setings.xml Password" value=""/>
  <con:entry key="TestRunner Path" value=""/>
  <con:entry key="Tool Args" value=""/>
  <con:entry key="Ignore Errors" value="false"/>
  <con:entry key="Host:Port" value=""/>
  <con:entry key="WSS Password Type" value=""/>
  <con:entry key="Save Project" value="false"/>
  <con:entry key="Enable UI" value="false"/>
  <con:entry key="System Properties" value=""/>
  <con:entry key="Domain" value=""/>
  <con:entry key="Coverage Report" value="false"/>
  <con:entry key="Export JUnit Results" value="false"/>
  <con:entry key="Open Report" value="false"/>
  <con:entry key="Project Properties" value=""/>
  <con:entry key="Export All" value="false"/>
  <con:entry key="Project Password" value=""/>
  <con:entry key="Report Format(s)" value=""/>
  <con:entry key="TestCase" value="TestSendSms"/>
  <con:entry key="Print Report" value="false"/>
  <con:entry key="Username" value=""/>
  <con:entry key="Root Folder" value=""/>
  <con:entry key="Save After" value="false"/>
  <con:entry key="Add Settings" value="false"/>
  <con:entry key="Endpoint" value=""/>
  <con:entry key="Select Report Type" value=""/>
</xml-fragment>]]></con:setting></con:settings><con:interface xsi:type="con:WsdlInterface" wsaVersion="NONE" name="SMSServiceControllerBinding" type="wsdl" bindingName="{urn:SMSServiceControllerwsdl}SMSServiceControllerBinding" soapVersion="1_1" anonymous="optional" definition="http://localhost:8181/cxf/legacy?wsdl" xmlns:xsi="http://www.w3.org/2001/XMLSchema-instance"><con:settings/><con:definitionCache type="TEXT" rootPart="http://localhost:8181/cxf/legacy?wsdl"><con:part><con:url>http://localhost:8181/cxf/legacy?wsdl</con:url><con:content><![CDATA[<definitions name="SMSServiceController" targetNamespace="urn:SMSServiceControllerwsdl" xmlns:xsd="http://www.w3.org/2001/XMLSchema" xmlns:wsdl="http://schemas.xmlsoap.org/wsdl/" xmlns:tns="urn:SMSServiceControllerwsdl" xmlns:soap-enc="http://schemas.xmlsoap.org/soap/encoding/" xmlns:soap="http://schemas.xmlsoap.org/wsdl/soap/" xmlns="http://schemas.xmlsoap.org/wsdl/">
  <message name="sendMessagesTestResponse">
    <part name="return" type="xsd:string"></part>
  </message>
  <message name="deleteDeliveryStatusChangeDataRequest">
    <part name="uuidToDelFromStatusesChanges" type="xsd:string"></part>
  </message>
  <message name="sendMessagesTestRequest">
    <part name="xml" type="xsd:string"></part>
    <part name="systemName" type="xsd:string"></part>
  </message>
  <message name="sendMessagesRequest">
    <part name="xml" type="xsd:string"></part>
    <part name="systemName" type="xsd:string"></part>
  </message>
  <message name="getDeliveryStatusChangeCountResponse">
    <part name="return" type="xsd:string"></part>
  </message>
  <message name="deleteDeliveryStatusChangeDataResponse"></message>
  <message name="getDeliveryStatusChangeCountRequest">
    <part name="systemName" type="xsd:string"></part>
  </message>
  <message name="getDeliveryStatusDataResponse">
    <part name="return" type="xsd:string"></part>
  </message>
  <message name="sendMessagesResponse">
    <part name="return" type="xsd:string"></part>
  </message>
  <message name="getDeliveryStatusDataRequest">
    <part name="systemName" type="xsd:string"></part>
  </message>
  <portType name="SMSServiceControllerPortType">
    <operation name="sendMessagesTest">
      <wsdl:documentation/>
      <input message="tns:sendMessagesTestRequest"></input>
      <output message="tns:sendMessagesTestResponse"></output>
    </operation>
    <operation name="sendMessages">
      <wsdl:documentation/>
      <input message="tns:sendMessagesRequest"></input>
      <output message="tns:sendMessagesResponse"></output>
    </operation>
    <operation name="getDeliveryStatusChangeCount">
      <wsdl:documentation/>
      <input message="tns:getDeliveryStatusChangeCountRequest"></input>
      <output message="tns:getDeliveryStatusChangeCountResponse"></output>
    </operation>
    <operation name="getDeliveryStatusData">
      <wsdl:documentation/>
      <input message="tns:getDeliveryStatusDataRequest"></input>
      <output message="tns:getDeliveryStatusDataResponse"></output>
    </operation>
    <operation name="deleteDeliveryStatusChangeData">
      <wsdl:documentation/>
      <input message="tns:deleteDeliveryStatusChangeDataRequest"></input>
      <output message="tns:deleteDeliveryStatusChangeDataResponse"></output>
    </operation>
  </portType>
  <binding name="SMSServiceControllerBinding" type="tns:SMSServiceControllerPortType">
    <soap:binding style="rpc" transport="http://schemas.xmlsoap.org/soap/http"/>
    <operation name="sendMessagesTest">
      <soap:operation soapAction="urn:SMSServiceControllerwsdl#sendMessagesTest" style="rpc"/>
      <input>
        <soap:body encodingStyle="http://schemas.xmlsoap.org/soap/encoding/" namespace="urn:SMSServiceControllerwsdl" use="encoded"/>
      </input>
      <output>
        <soap:body encodingStyle="http://schemas.xmlsoap.org/soap/encoding/" namespace="urn:SMSServiceControllerwsdl" use="encoded"/>
      </output>
    </operation>
    <operation name="sendMessages">
      <soap:operation soapAction="urn:SMSServiceControllerwsdl#sendMessages" style="rpc"/>
      <input>
        <soap:body encodingStyle="http://schemas.xmlsoap.org/soap/encoding/" namespace="urn:SMSServiceControllerwsdl" use="encoded"/>
      </input>
      <output>
        <soap:body encodingStyle="http://schemas.xmlsoap.org/soap/encoding/" namespace="urn:SMSServiceControllerwsdl" use="encoded"/>
      </output>
    </operation>
    <operation name="getDeliveryStatusChangeCount">
      <soap:operation soapAction="urn:SMSServiceControllerwsdl#getDeliveryStatusChangeCount" style="rpc"/>
      <input>
        <soap:body encodingStyle="http://schemas.xmlsoap.org/soap/encoding/" namespace="urn:SMSServiceControllerwsdl" use="encoded"/>
      </input>
      <output>
        <soap:body encodingStyle="http://schemas.xmlsoap.org/soap/encoding/" namespace="urn:SMSServiceControllerwsdl" use="encoded"/>
      </output>
    </operation>
    <operation name="getDeliveryStatusData">
      <soap:operation soapAction="urn:SMSServiceControllerwsdl#getDeliveryStatusData" style="rpc"/>
      <input>
        <soap:body encodingStyle="http://schemas.xmlsoap.org/soap/encoding/" namespace="urn:SMSServiceControllerwsdl" use="encoded"/>
      </input>
      <output>
        <soap:body encodingStyle="http://schemas.xmlsoap.org/soap/encoding/" namespace="urn:SMSServiceControllerwsdl" use="encoded"/>
      </output>
    </operation>
    <operation name="deleteDeliveryStatusChangeData">
      <soap:operation soapAction="urn:SMSServiceControllerwsdl#deleteDeliveryStatusChangeData" style="rpc"/>
      <input>
        <soap:body encodingStyle="http://schemas.xmlsoap.org/soap/encoding/" namespace="urn:SMSServiceControllerwsdl" use="encoded"/>
      </input>
      <output>
        <soap:body encodingStyle="http://schemas.xmlsoap.org/soap/encoding/" namespace="urn:SMSServiceControllerwsdl" use="encoded"/>
      </output>
    </operation>
  </binding>
  <service name="SMSServiceControllerService">
    <port binding="tns:SMSServiceControllerBinding" name="SMSServiceControllerPort"></port>
  </service>
</definitions>]]></con:content><con:type>http://schemas.xmlsoap.org/wsdl/</con:type></con:part></con:definitionCache><con:endpoints/><con:operation isOneWay="false" action="urn:SMSServiceControllerwsdl#deleteDeliveryStatusChangeData" name="deleteDeliveryStatusChangeData" bindingOperationName="deleteDeliveryStatusChangeData" type="Request-Response" inputName="" receivesAttachments="false" sendsAttachments="false" anonymous="optional"><con:settings/><con:call name="Request 1"><con:settings><con:setting id="com.eviware.soapui.impl.wsdl.WsdlRequest@request-headers">&lt;xml-fragment/></con:setting></con:settings><con:encoding>UTF-8</con:encoding><con:endpoint xsi:nil="true"/><con:request><![CDATA[<soapenv:Envelope xmlns:xsi="http://www.w3.org/2001/XMLSchema-instance" xmlns:xsd="http://www.w3.org/2001/XMLSchema" xmlns:soapenv="http://schemas.xmlsoap.org/soap/envelope/" xmlns:urn="urn:SMSServiceControllerwsdl">
   <soapenv:Header/>
   <soapenv:Body>
      <urn:deleteDeliveryStatusChangeData soapenv:encodingStyle="http://schemas.xmlsoap.org/soap/encoding/">
         <uuidToDelFromStatusesChanges xsi:type="xsd:string">
         <?xml version="1.0" encoding="UTF-8"?>
<Structure>
	<Value name="operation">
		<Type>String</Type>
		<Data>deleteDeliveryStatusChangeData</Data>
	</Value>
	<Value name="сhangesUUID">
		<Type>String</Type>
		<Data> ИД ПОЛУЧЕННЫХ ИЗМЕНЕНИЙ</Data>
	</Value>
</Structure>


</uuidToDelFromStatusesChanges>
      </urn:deleteDeliveryStatusChangeData>
   </soapenv:Body>
</soapenv:Envelope>]]></con:request><con:credentials><con:authType>Global HTTP Settings</con:authType></con:credentials><con:jmsConfig JMSDeliveryMode="PERSISTENT"/><con:jmsPropertyConfig/><con:wsaConfig mustUnderstand="NONE" version="200508" action="urn:SMSServiceControllerwsdl#deleteDeliveryStatusChangeData"/><con:wsrmConfig version="1.2"/></con:call></con:operation><con:operation isOneWay="false" action="urn:SMSServiceControllerwsdl#getDeliveryStatusChangeCount" name="getDeliveryStatusChangeCount" bindingOperationName="getDeliveryStatusChangeCount" type="Request-Response" inputName="" receivesAttachments="false" sendsAttachments="false" anonymous="optional"><con:settings/><con:call name="Request 1"><con:settings><con:setting id="com.eviware.soapui.impl.wsdl.WsdlRequest@request-headers">&lt;xml-fragment/></con:setting></con:settings><con:encoding>UTF-8</con:encoding><con:endpoint/><con:request/><con:credentials><con:authType>Global HTTP Settings</con:authType></con:credentials><con:jmsConfig JMSDeliveryMode="PERSISTENT"/><con:jmsPropertyConfig/><con:wsaConfig mustUnderstand="NONE" version="200508" action="urn:SMSServiceControllerwsdl#getDeliveryStatusChangeCount"/><con:wsrmConfig version="1.2"/></con:call></con:operation><con:operation isOneWay="false" action="urn:SMSServiceControllerwsdl#getDeliveryStatusData" name="getDeliveryStatusData" bindingOperationName="getDeliveryStatusData" type="Request-Response" inputName="" receivesAttachments="false" sendsAttachments="false" anonymous="optional"><con:settings/><con:call name="Request 1"><con:settings><con:setting id="com.eviware.soapui.impl.wsdl.WsdlRequest@request-headers">&lt;xml-fragment/></con:setting></con:settings><con:encoding>UTF-8</con:encoding><con:endpoint xsi:nil="true"/><con:request><![CDATA[<soapenv:Envelope xmlns:xsi="http://www.w3.org/2001/XMLSchema-instance" xmlns:xsd="http://www.w3.org/2001/XMLSchema" xmlns:soapenv="http://schemas.xmlsoap.org/soap/envelope/" xmlns:urn="urn:SMSServiceControllerwsdl">
   <soapenv:Header/>
   <soapenv:Body>
      <urn:getDeliveryStatusData soapenv:encodingStyle="http://schemas.xmlsoap.org/soap/encoding/">
         <systemName xsi:type="xsd:string">
         <?xml version="1.0" encoding="UTF-8"?>
<Structure>
	<Value name="operation">
		<Type>String</Type>
		<Data>getDeliveryStatusData</Data>
	</Value>
</Structure>
         
         </systemName>
      </urn:getDeliveryStatusData>
   </soapenv:Body>
</soapenv:Envelope>]]></con:request><con:credentials><con:authType>Global HTTP Settings</con:authType></con:credentials><con:jmsConfig JMSDeliveryMode="PERSISTENT"/><con:jmsPropertyConfig/><con:wsaConfig mustUnderstand="NONE" version="200508" action="urn:SMSServiceControllerwsdl#getDeliveryStatusData"/><con:wsrmConfig version="1.2"/></con:call></con:operation><con:operation isOneWay="false" action="urn:SMSServiceControllerwsdl#sendMessages" name="sendMessages" bindingOperationName="sendMessages" type="Request-Response" inputName="" receivesAttachments="false" sendsAttachments="false" anonymous="optional"><con:settings/><con:call name="Request 1"><con:settings><con:setting id="com.eviware.soapui.impl.wsdl.WsdlRequest@request-headers">&lt;xml-fragment/></con:setting></con:settings><con:encoding>UTF-8</con:encoding><con:request><![CDATA[<soapenv:Envelope xmlns:xsi="http://www.w3.org/2001/XMLSchema-instance" xmlns:xsd="http://www.w3.org/2001/XMLSchema" xmlns:soapenv="http://schemas.xmlsoap.org/soap/envelope/" xmlns:urn="urn:SMSServiceControllerwsdl">
   <soapenv:Header/>
   <soapenv:Body>
      <urn:sendMessages soapenv:encodingStyle="http://schemas.xmlsoap.org/soap/encoding/">
         <xml xsi:type="xsd:string"><?xml version="1.0" encoding="UTF-8"?>
<Structure>
	<Value name="operation">
		<Type>String</Type>
		<Data>sendMessages</Data>
	</Value>
	<Array name="messageArray">
		<Structure>
			<Value name="id">
				<Type>String</Type>
				<Data>УНИКАЛЬНЫЙ ИД СООБЩЕНИЯ</Data>
			</Value>
			<Value name="phone">
				<Type>String</Type>
				<Data>ТЕЛЕФОН</Data>
			</Value>
			<Value name="text">
				<Type>String</Type>
				<Data>ТЕКСТ СООБЩЕНИЯ</Data>
			</Value>
		</Structure>
		<Structure>
			<Value name="id">
				<Type>String</Type>
				<Data> УНИКАЛЬНЫЙ ИД СООБЩЕНИЯ</Data>
			</Value>
			<Value name="phone">
				<Type>String</Type>
				<Data> ТЕЛЕФОН</Data>
			</Value>
			<Value name="text">
				<Type>String</Type>
				<Data> ТЕКСТ СООБЩЕНИЯ</Data>
			</Value>
		</Structure>
	</Array>
</Structure>
</xml>
         <systemName xsi:type="xsd:string">some system name</systemName>
      </urn:sendMessages>
   </soapenv:Body>
</soapenv:Envelope>]]></con:request><con:credentials><con:authType>Global HTTP Settings</con:authType></con:credentials><con:jmsConfig JMSDeliveryMode="PERSISTENT"/><con:jmsPropertyConfig/><con:wsaConfig mustUnderstand="NONE" version="200508" action="urn:SMSServiceControllerwsdl#sendMessages"/><con:wsrmConfig version="1.2"/></con:call></con:operation><con:operation isOneWay="false" action="urn:SMSServiceControllerwsdl#sendMessagesTest" name="sendMessagesTest" bindingOperationName="sendMessagesTest" type="Request-Response" inputName="" receivesAttachments="false" sendsAttachments="false" anonymous="optional"><con:settings/><con:call name="Request 1"><con:settings/><con:encoding>UTF-8</con:encoding><con:request><![CDATA[<soapenv:Envelope xmlns:xsi="http://www.w3.org/2001/XMLSchema-instance" xmlns:xsd="http://www.w3.org/2001/XMLSchema" xmlns:soapenv="http://schemas.xmlsoap.org/soap/envelope/" xmlns:urn="urn:SMSServiceControllerwsdl">
   <soapenv:Header/>
   <soapenv:Body>
      <urn:sendMessagesTest soapenv:encodingStyle="http://schemas.xmlsoap.org/soap/encoding/">
         <xml xsi:type="xsd:string">?</xml>
         <systemName xsi:type="xsd:string">?</systemName>
      </urn:sendMessagesTest>
   </soapenv:Body>
</soapenv:Envelope>]]></con:request><con:credentials><con:authType>Global HTTP Settings</con:authType></con:credentials><con:jmsConfig JMSDeliveryMode="PERSISTENT"/><con:jmsPropertyConfig/><con:wsaConfig mustUnderstand="NONE" version="200508" action="urn:SMSServiceControllerwsdl#sendMessagesTest"/><con:wsrmConfig version="1.2"/></con:call></con:operation></con:interface><con:testSuite name="TestKyivstar"><con:settings/><con:runType>SEQUENTIAL</con:runType><con:testCase failOnError="true" failTestCaseOnErrors="true" keepSession="false" maxResults="0" name="TestSendSms" searchProperties="true" id="21a35255-a5f2-4842-ae6f-41db1d843cc9"><con:settings/><con:testStep type="request" name="TestSendSms2"><con:settings/><con:config xsi:type="con:RequestStep" xmlns:xsi="http://www.w3.org/2001/XMLSchema-instance"><con:interface>SMSServiceControllerBinding</con:interface><con:operation>sendMessages</con:operation><con:request name="TestSendSms2"><con:settings><con:setting id="com.eviware.soapui.impl.wsdl.WsdlRequest@request-headers">&lt;xml-fragment/></con:setting></con:settings><con:encoding>UTF-8</con:encoding><con:endpoint>${#Project#serviceUrl}</con:endpoint><con:request><![CDATA[<soapenv:Envelope xmlns:xsi="http://www.w3.org/2001/XMLSchema-instance" xmlns:xsd="http://www.w3.org/2001/XMLSchema" xmlns:soapenv="http://schemas.xmlsoap.org/soap/envelope/" xmlns:urn="urn:SMSServiceControllerwsdl">
   <soapenv:Header/>
   <soapenv:Body>
      <urn:sendMessages soapenv:encodingStyle="http://schemas.xmlsoap.org/soap/encoding/">
         <xml xsi:type="xsd:string"><?xml version="1.0" encoding="UTF-8"?>
<Structure>
	<Value name="operation">
		<Type>String</Type>
		<Data>sendMessages</Data>
	</Value>
	<Array name="messageArray">
		<Structure>
			<Value name="id">
				<Type>String</Type>
				<Data>112</Data>
			</Value>
			<Value name="phone">
				<Type>String</Type>
				<Data>0976426544</Data>
			</Value>
			<Value name="text">
				<Type>String</Type>
				<Data>sms1</Data>
			</Value>
		</Structure>
		<Structure>
			<Value name="id">
				<Type>String</Type>
				<Data> 332</Data>
			</Value>
			<Value name="phone">
				<Type>String</Type>
				<Data> 0976426544</Data>
			</Value>
			<Value name="text">
				<Type>String</Type>
				<Data>sms2</Data>
			</Value>
		</Structure>
	</Array>
</Structure>
</xml>
         <systemName xsi:type="xsd:string">awis</systemName>
      </urn:sendMessages>
   </soapenv:Body>
</soapenv:Envelope>]]></con:request><con:assertion type="Invalid HTTP Status Codes" name="Invalid HTTP Status Codes"><con:configuration><codes>400,407,404,500</codes></con:configuration></con:assertion><con:assertion type="Valid HTTP Status Codes" name="Valid HTTP Status Codes"><con:configuration><codes>200</codes></con:configuration></con:assertion><con:assertion type="XPath Match" name="XPath Match"><con:configuration/></con:assertion><con:credentials><con:selectedAuthProfile>Basic</con:selectedAuthProfile><con:addedBasicAuthenticationTypes>Basic</con:addedBasicAuthenticationTypes><con:authType>Global HTTP Settings</con:authType></con:credentials><con:jmsConfig JMSDeliveryMode="PERSISTENT"/><con:jmsPropertyConfig/><con:wsaConfig mustUnderstand="NONE" version="200508"/><con:wsrmConfig version="1.2"/></con:request></con:config></con:testStep><con:testStep type="delay" name="Delay2"><con:settings/><con:config><delay>5000</delay></con:config></con:testStep><con:testStep type="request" name="Test GetDeliveryStatusChangeCount2"><con:settings/><con:config xsi:type="con:RequestStep" xmlns:xsi="http://www.w3.org/2001/XMLSchema-instance"><con:interface>SMSServiceControllerBinding</con:interface><con:operation>getDeliveryStatusChangeCount</con:operation><con:request name="Test GetDeliveryStatusChangeCount2"><con:settings><con:setting id="com.eviware.soapui.impl.wsdl.WsdlRequest@request-headers">&lt;xml-fragment/></con:setting></con:settings><con:encoding>UTF-8</con:encoding><con:endpoint>${#Project#serviceUrl}</con:endpoint><con:request><![CDATA[<soapenv:Envelope xmlns:xsi="http://www.w3.org/2001/XMLSchema-instance" xmlns:xsd="http://www.w3.org/2001/XMLSchema" xmlns:soapenv="http://schemas.xmlsoap.org/soap/envelope/" xmlns:urn="urn:SMSServiceControllerwsdl">
   <soapenv:Header/>
   <soapenv:Body>
      <urn:getDeliveryStatusChangeCount soapenv:encodingStyle="http://schemas.xmlsoap.org/soap/encoding/">
         <systemName xsi:type="xsd:string">awis</systemName>
      </urn:getDeliveryStatusChangeCount>
   </soapenv:Body>
</soapenv:Envelope>]]></con:request><con:assertion type="Valid HTTP Status Codes" name="Valid HTTP Status Codes"><con:configuration><codes>200</codes></con:configuration></con:assertion><con:assertion type="XPath Match" name="DataExists"><con:configuration><path>exists(//Value/Data)</path><content>true</content><allowWildcards>false</allowWildcards><ignoreNamspaceDifferences>false</ignoreNamspaceDifferences><ignoreComments>false</ignoreComments></con:configuration></con:assertion><con:assertion type="XPath Match" name="TypeExists"><con:configuration><path>exists(//Value/Type)</path><content>true</content><allowWildcards>false</allowWildcards><ignoreNamspaceDifferences>false</ignoreNamspaceDifferences><ignoreComments>false</ignoreComments></con:configuration></con:assertion><con:assertion type="XPath Match" name="isDataMoreThan0"><con:configuration><path>Value/Data >=0</path><content>true</content><allowWildcards>false</allowWildcards><ignoreNamspaceDifferences>false</ignoreNamspaceDifferences><ignoreComments>false</ignoreComments></con:configuration></con:assertion><con:credentials><con:selectedAuthProfile>Basic</con:selectedAuthProfile><con:addedBasicAuthenticationTypes>Basic</con:addedBasicAuthenticationTypes><con:authType>Global HTTP Settings</con:authType></con:credentials><con:jmsConfig JMSDeliveryMode="PERSISTENT"/><con:jmsPropertyConfig/><con:wsaConfig mustUnderstand="NONE" version="200508"/><con:wsrmConfig version="1.2"/></con:request></con:config></con:testStep><con:testStep type="goto" name="isDataEquals0"><con:settings/><con:config xsi:type="con:GotoStep" xmlns:xsi="http://www.w3.org/2001/XMLSchema-instance"><con:condition><con:name>DataMoreThan0</con:name><con:type>XPATH</con:type><con:expression>Value/Data=0</con:expression><con:targetStep>TestSendSms10</con:targetStep></con:condition></con:config></con:testStep><con:testStep type="request" name="TestGetDeliveryStatusData2"><con:settings/><con:config xsi:type="con:RequestStep" xmlns:xsi="http://www.w3.org/2001/XMLSchema-instance"><con:interface>SMSServiceControllerBinding</con:interface><con:operation>getDeliveryStatusData</con:operation><con:request name="TestGetDeliveryStatusData2"><con:settings><con:setting id="com.eviware.soapui.impl.wsdl.WsdlRequest@request-headers">&lt;xml-fragment/></con:setting></con:settings><con:encoding>UTF-8</con:encoding><con:endpoint>${#Project#serviceUrl}</con:endpoint><con:request><![CDATA[<soapenv:Envelope xmlns:xsi="http://www.w3.org/2001/XMLSchema-instance" xmlns:xsd="http://www.w3.org/2001/XMLSchema" xmlns:soapenv="http://schemas.xmlsoap.org/soap/envelope/" xmlns:urn="urn:SMSServiceControllerwsdl">
   <soapenv:Header/>
   <soapenv:Body>
      <urn:getDeliveryStatusData soapenv:encodingStyle="http://schemas.xmlsoap.org/soap/encoding/">
         <systemName xsi:type="xsd:string">awis</systemName>
      </urn:getDeliveryStatusData>
   </soapenv:Body>
</soapenv:Envelope>]]></con:request><con:assertion type="Invalid HTTP Status Codes" name="Invalid HTTP Status Codes"><con:configuration><codes>400,407,404,500</codes></con:configuration></con:assertion><con:assertion type="Valid HTTP Status Codes" name="Valid HTTP Status Codes"><con:configuration><codes>200</codes></con:configuration></con:assertion><con:assertion type="XPath Match" name="XPath Match"><con:configuration><path>exists (Structure/ValueTable/Columns/Column/Name)</path><content>true</content><allowWildcards>false</allowWildcards><ignoreNamspaceDifferences>false</ignoreNamspaceDifferences><ignoreComments>false</ignoreComments></con:configuration></con:assertion><con:credentials><con:selectedAuthProfile>Basic</con:selectedAuthProfile><con:addedBasicAuthenticationTypes>Basic</con:addedBasicAuthenticationTypes><con:authType>Global HTTP Settings</con:authType></con:credentials><con:jmsConfig JMSDeliveryMode="PERSISTENT"/><con:jmsPropertyConfig/><con:wsaConfig mustUnderstand="NONE" version="200508"/><con:wsrmConfig version="1.2"/></con:request></con:config></con:testStep><con:testStep type="request" name="TestSendSms10"><con:settings/><con:config xsi:type="con:RequestStep" xmlns:xsi="http://www.w3.org/2001/XMLSchema-instance"><con:interface>SMSServiceControllerBinding</con:interface><con:operation>sendMessages</con:operation><con:request name="TestSendSms10"><con:settings><con:setting id="com.eviware.soapui.impl.wsdl.WsdlRequest@request-headers">&lt;xml-fragment/></con:setting></con:settings><con:encoding>UTF-8</con:encoding><con:endpoint>${#Project#serviceUrl}</con:endpoint><con:request><![CDATA[<soapenv:Envelope xmlns:xsi="http://www.w3.org/2001/XMLSchema-instance" xmlns:xsd="http://www.w3.org/2001/XMLSchema" xmlns:soapenv="http://schemas.xmlsoap.org/soap/envelope/" xmlns:urn="urn:SMSServiceControllerwsdl">
   <soapenv:Header/>
   <soapenv:Body>
      <urn:sendMessages soapenv:encodingStyle="http://schemas.xmlsoap.org/soap/encoding/">
         <xml xsi:type="xsd:string"><?xml version="1.0" encoding="UTF-8"?>
<Structure>
	<Value name="operation">
		<Type>String</Type>
		<Data>sendMessages</Data>
	</Value>
	<Array name="messageArray">
		<Structure>
			<Value name="id">
				<Type>String</Type>
				<Data>112</Data>
			</Value>
			<Value name="phone">
				<Type>String</Type>
				<Data>0976426544</Data>
			</Value>
			<Value name="text">
				<Type>String</Type>
				<Data>sms1</Data>
			</Value>
		</Structure>
		<Structure>
			<Value name="id">
				<Type>String</Type>
				<Data> 332</Data>
			</Value>
			<Value name="phone">
				<Type>String</Type>
				<Data> 0976426544</Data>
			</Value>
			<Value name="text">
				<Type>String</Type>
				<Data>sms2</Data>
			</Value>
		</Structure>
		<Structure>
			<Value name="id">
				<Type>String</Type>
				<Data>112</Data>
			</Value>
			<Value name="phone">
				<Type>String</Type>
				<Data>0976426544</Data>
			</Value>
			<Value name="text">
				<Type>String</Type>
				<Data>sms3</Data>
			</Value>
		</Structure>
		<Structure>
			<Value name="id">
				<Type>String</Type>
				<Data> 332</Data>
			</Value>
			<Value name="phone">
				<Type>String</Type>
				<Data> 0976426544</Data>
			</Value>
			<Value name="text">
				<Type>String</Type>
				<Data>sms4</Data>
			</Value>
		</Structure>
		<Structure>
			<Value name="id">
				<Type>String</Type>
				<Data>112</Data>
			</Value>
			<Value name="phone">
				<Type>String</Type>
				<Data>0976426544</Data>
			</Value>
			<Value name="text">
				<Type>String</Type>
				<Data>sms5</Data>
			</Value>
		</Structure>
		<Structure>
			<Value name="id">
				<Type>String</Type>
				<Data> 332</Data>
			</Value>
			<Value name="phone">
				<Type>String</Type>
				<Data> 0976426544</Data>
			</Value>
			<Value name="text">
				<Type>String</Type>
				<Data>sms6</Data>
			</Value>
		</Structure>
		<Structure>
			<Value name="id">
				<Type>String</Type>
				<Data>112</Data>
			</Value>
			<Value name="phone">
				<Type>String</Type>
				<Data>0976426544</Data>
			</Value>
			<Value name="text">
				<Type>String</Type>
				<Data>sms7</Data>
			</Value>
		</Structure>
		<Structure>
			<Value name="id">
				<Type>String</Type>
				<Data> 332</Data>
			</Value>
			<Value name="phone">
				<Type>String</Type>
				<Data> 0976426544</Data>
			</Value>
			<Value name="text">
				<Type>String</Type>
				<Data>sms8</Data>
			</Value>
		</Structure>
		<Structure>
			<Value name="id">
				<Type>String</Type>
				<Data>112</Data>
			</Value>
			<Value name="phone">
				<Type>String</Type>
				<Data>0976426544</Data>
			</Value>
			<Value name="text">
				<Type>String</Type>
				<Data>sms9</Data>
			</Value>
		</Structure>
		<Structure>
			<Value name="id">
				<Type>String</Type>
				<Data> 332</Data>
			</Value>
			<Value name="phone">
				<Type>String</Type>
				<Data> 0976426544</Data>
			</Value>
			<Value name="text">
				<Type>String</Type>
				<Data>sms10</Data>
			</Value>
		</Structure>
	</Array>
</Structure>
</xml>
         <systemName xsi:type="xsd:string">awis</systemName>
      </urn:sendMessages>
   </soapenv:Body>
</soapenv:Envelope>]]></con:request><con:assertion type="Valid HTTP Status Codes" name="Valid HTTP Status Codes"><con:configuration><codes>200</codes></con:configuration></con:assertion><con:assertion type="Invalid HTTP Status Codes" name="Invalid HTTP Status Codes"><con:configuration><codes>400,407,404,500</codes></con:configuration></con:assertion><con:credentials><con:selectedAuthProfile>Basic</con:selectedAuthProfile><con:addedBasicAuthenticationTypes>Basic</con:addedBasicAuthenticationTypes><con:authType>Global HTTP Settings</con:authType></con:credentials><con:jmsConfig JMSDeliveryMode="PERSISTENT"/><con:jmsPropertyConfig/><con:wsaConfig mustUnderstand="NONE" version="200508"/><con:wsrmConfig version="1.2"/></con:request></con:config></con:testStep><con:testStep type="delay" name="Delay10"><con:settings/><con:config><delay>2000</delay></con:config></con:testStep><con:testStep type="request" name="Test GetDeliveryStatusChangeCount10"><con:settings/><con:config xsi:type="con:RequestStep" xmlns:xsi="http://www.w3.org/2001/XMLSchema-instance"><con:interface>SMSServiceControllerBinding</con:interface><con:operation>getDeliveryStatusChangeCount</con:operation><con:request name="Test GetDeliveryStatusChangeCount10"><con:settings><con:setting id="com.eviware.soapui.impl.wsdl.WsdlRequest@request-headers">&lt;xml-fragment/></con:setting></con:settings><con:encoding>UTF-8</con:encoding><con:endpoint>${#Project#serviceUrl}</con:endpoint><con:request><![CDATA[<soapenv:Envelope xmlns:xsi="http://www.w3.org/2001/XMLSchema-instance" xmlns:xsd="http://www.w3.org/2001/XMLSchema" xmlns:soapenv="http://schemas.xmlsoap.org/soap/envelope/" xmlns:urn="urn:SMSServiceControllerwsdl">
   <soapenv:Header/>
   <soapenv:Body>
      <urn:getDeliveryStatusChangeCount soapenv:encodingStyle="http://schemas.xmlsoap.org/soap/encoding/">
         <systemName xsi:type="xsd:string">awis</systemName>
      </urn:getDeliveryStatusChangeCount>
   </soapenv:Body>
</soapenv:Envelope>]]></con:request><con:assertion type="Valid HTTP Status Codes" name="Valid HTTP Status Codes"><con:configuration><codes>200</codes></con:configuration></con:assertion><con:assertion type="XPath Match" name="DataExists"><con:configuration><path>exists(//Value/Data)</path><content>true</content><allowWildcards>false</allowWildcards><ignoreNamspaceDifferences>false</ignoreNamspaceDifferences><ignoreComments>false</ignoreComments></con:configuration></con:assertion><con:assertion type="XPath Match" name="TypeExists"><con:configuration><path>exists(//Value/Type)</path><content>true</content><allowWildcards>false</allowWildcards><ignoreNamspaceDifferences>false</ignoreNamspaceDifferences><ignoreComments>false</ignoreComments></con:configuration></con:assertion><con:assertion type="XPath Match" name="isDataMoreThan0"><con:configuration><path>Value/Data >=0</path><content>true</content><allowWildcards>false</allowWildcards><ignoreNamspaceDifferences>false</ignoreNamspaceDifferences><ignoreComments>false</ignoreComments></con:configuration></con:assertion><con:credentials><con:selectedAuthProfile>Basic</con:selectedAuthProfile><con:addedBasicAuthenticationTypes>Basic</con:addedBasicAuthenticationTypes><con:authType>Global HTTP Settings</con:authType></con:credentials><con:jmsConfig JMSDeliveryMode="PERSISTENT"/><con:jmsPropertyConfig/><con:wsaConfig mustUnderstand="NONE" version="200508"/><con:wsrmConfig version="1.2"/></con:request></con:config></con:testStep><con:testStep type="goto" name="isDataEquals0 10"><con:settings/><con:config xsi:type="con:GotoStep" xmlns:xsi="http://www.w3.org/2001/XMLSchema-instance"><con:condition><con:name>DataMoreThan0</con:name><con:type>XPATH</con:type><con:expression>Value/Data=0</con:expression><con:targetStep>HTTP Test StatusResponse</con:targetStep></con:condition></con:config></con:testStep><con:testStep type="request" name="TestGetDeliveryStatusData10"><con:settings/><con:config xsi:type="con:RequestStep" xmlns:xsi="http://www.w3.org/2001/XMLSchema-instance"><con:interface>SMSServiceControllerBinding</con:interface><con:operation>getDeliveryStatusData</con:operation><con:request name="TestGetDeliveryStatusData10"><con:settings><con:setting id="com.eviware.soapui.impl.wsdl.WsdlRequest@request-headers">&lt;xml-fragment/></con:setting></con:settings><con:encoding>UTF-8</con:encoding><con:endpoint>${#Project#serviceUrl}</con:endpoint><con:request><![CDATA[<soapenv:Envelope xmlns:xsi="http://www.w3.org/2001/XMLSchema-instance" xmlns:xsd="http://www.w3.org/2001/XMLSchema" xmlns:soapenv="http://schemas.xmlsoap.org/soap/envelope/" xmlns:urn="urn:SMSServiceControllerwsdl">
   <soapenv:Header/>
   <soapenv:Body>
      <urn:getDeliveryStatusData soapenv:encodingStyle="http://schemas.xmlsoap.org/soap/encoding/">
         <systemName xsi:type="xsd:string">awis</systemName>
      </urn:getDeliveryStatusData>
   </soapenv:Body>
</soapenv:Envelope>]]></con:request><con:assertion type="Invalid HTTP Status Codes" name="Invalid HTTP Status Codes"><con:configuration><codes>400,407,404,500</codes></con:configuration></con:assertion><con:assertion type="Valid HTTP Status Codes" name="Valid HTTP Status Codes"><con:configuration><codes>200</codes></con:configuration></con:assertion><con:assertion type="XPath Match" name="XPath Match"><con:configuration><path>exists (Structure/ValueTable/Columns/Column/Name)</path><content>true</content><allowWildcards>false</allowWildcards><ignoreNamspaceDifferences>false</ignoreNamspaceDifferences><ignoreComments>false</ignoreComments></con:configuration></con:assertion><con:credentials><con:selectedAuthProfile>Basic</con:selectedAuthProfile><con:addedBasicAuthenticationTypes>Basic</con:addedBasicAuthenticationTypes><con:authType>Global HTTP Settings</con:authType></con:credentials><con:jmsConfig JMSDeliveryMode="PERSISTENT"/><con:jmsPropertyConfig/><con:wsaConfig mustUnderstand="NONE" version="200508"/><con:wsrmConfig version="1.2"/></con:request></con:config></con:testStep><con:testStep type="httprequest" name="HTTP Test StatusResponse"><con:settings/><con:config method="POST" xsi:type="con:HttpRequest" name="HTTP Test StatusResponse" postQueryString="false" mediaType="application/xml" xmlns:xsi="http://www.w3.org/2001/XMLSchema-instance"><con:settings><con:setting id="com.eviware.soapui.impl.wsdl.WsdlRequest@request-headers">&lt;xml-fragment/></con:setting></con:settings><con:endpoint>${#Project#serviceUrl}</con:endpoint><con:request><![CDATA[<?xml version="1.0" encoding="UTF-8"?>
<report xmlns="http://goldetele.com/cpa">
	<status mid="84140005" clid="0000-00001321">Accepted</status>
	<status mid="84140006" clid="0000-00001322">Accepted</status>
</report>]]></con:request><con:assertion type="Invalid HTTP Status Codes" name="Invalid HTTP Status Codes"><con:configuration><codes>400,407,404,500</codes></con:configuration></con:assertion><con:assertion type="Valid HTTP Status Codes" name="Valid HTTP Status Codes"><con:configuration><codes>200</codes></con:configuration></con:assertion><con:assertion type="XPath Match" name="XPath Match"><con:configuration><path>/*[local-name()="report" and namespace-uri()='http://goldentele.com/cpa']/*[local-name()="status"] = 'Accepted'</path><content>true</content><allowWildcards>false</allowWildcards><ignoreNamspaceDifferences>false</ignoreNamspaceDifferences><ignoreComments>false</ignoreComments></con:configuration></con:assertion><con:credentials><con:selectedAuthProfile>Basic</con:selectedAuthProfile><con:addedBasicAuthenticationTypes>Basic</con:addedBasicAuthenticationTypes><con:authType>Global HTTP Settings</con:authType></con:credentials><con:jmsConfig JMSDeliveryMode="PERSISTENT"/><con:jmsPropertyConfig/><con:parameters/></con:config></con:testStep><con:properties/></con:testCase><con:properties/></con:testSuite><con:testSuite name="TestLife"><con:settings/><con:runType>SEQUENTIAL</con:runType><con:testCase failOnError="true" failTestCaseOnErrors="true" keepSession="false" maxResults="0" name="TestSendSms" searchProperties="true" id="ee707015-3cc0-42a7-a073-f9ae4feb90e0"><con:settings/><con:testStep type="request" name="TestSendSms2"><con:settings/><con:config xsi:type="con:RequestStep" xmlns:xsi="http://www.w3.org/2001/XMLSchema-instance"><con:interface>SMSServiceControllerBinding</con:interface><con:operation>sendMessages</con:operation><con:request name="TestSendSms2"><con:settings><con:setting id="com.eviware.soapui.impl.wsdl.WsdlRequest@request-headers">&lt;xml-fragment/></con:setting></con:settings><con:encoding>UTF-8</con:encoding><con:endpoint>${#Project#serviceUrl}</con:endpoint><con:request><![CDATA[<soapenv:Envelope xmlns:xsi="http://www.w3.org/2001/XMLSchema-instance" xmlns:xsd="http://www.w3.org/2001/XMLSchema" xmlns:soapenv="http://schemas.xmlsoap.org/soap/envelope/" xmlns:urn="urn:SMSServiceControllerwsdl">
   <soapenv:Header/>
   <soapenv:Body>
      <urn:sendMessages soapenv:encodingStyle="http://schemas.xmlsoap.org/soap/encoding/">
         <xml xsi:type="xsd:string"><?xml version="1.0" encoding="UTF-8"?>
<Structure>
	<Value name="operation">
		<Type>String</Type>
		<Data>sendMessages</Data>
	</Value>
	<Array name="messageArray">
		<Structure>
			<Value name="id">
				<Type>String</Type>
				<Data>112</Data>
			</Value>
			<Value name="phone">
				<Type>String</Type>
				<Data>0937447982</Data>
			</Value>
			<Value name="text">
				<Type>String</Type>
				<Data>sms1</Data>
			</Value>
		</Structure>
		<Structure>
			<Value name="id">
				<Type>String</Type>
				<Data> 332</Data>
			</Value>
			<Value name="phone">
				<Type>String</Type>
				<Data> 0937447982</Data>
			</Value>
			<Value name="text">
				<Type>String</Type>
				<Data>sms2</Data>
			</Value>
		</Structure>
	</Array>
</Structure>
</xml>
         <systemName xsi:type="xsd:string">awis</systemName>
      </urn:sendMessages>
   </soapenv:Body>
</soapenv:Envelope>]]></con:request><con:assertion type="Invalid HTTP Status Codes" name="Invalid HTTP Status Codes"><con:configuration><codes>400,407,404,500</codes></con:configuration></con:assertion><con:credentials><con:selectedAuthProfile>Basic</con:selectedAuthProfile><con:addedBasicAuthenticationTypes>Basic</con:addedBasicAuthenticationTypes><con:authType>Global HTTP Settings</con:authType></con:credentials><con:jmsConfig JMSDeliveryMode="PERSISTENT"/><con:jmsPropertyConfig/><con:wsaConfig mustUnderstand="NONE" version="200508"/><con:wsrmConfig version="1.2"/></con:request></con:config></con:testStep><con:testStep type="delay" name="Delay2"><con:settings/><con:config><delay>5000</delay></con:config></con:testStep><con:testStep type="request" name="Test GetDeliveryStatusChangeCount2"><con:settings/><con:config xsi:type="con:RequestStep" xmlns:xsi="http://www.w3.org/2001/XMLSchema-instance"><con:interface>SMSServiceControllerBinding</con:interface><con:operation>getDeliveryStatusChangeCount</con:operation><con:request name="Test GetDeliveryStatusChangeCount2"><con:settings><con:setting id="com.eviware.soapui.impl.wsdl.WsdlRequest@request-headers">&lt;xml-fragment/></con:setting></con:settings><con:encoding>UTF-8</con:encoding><con:endpoint>${#Project#serviceUrl}</con:endpoint><con:request><![CDATA[<soapenv:Envelope xmlns:xsi="http://www.w3.org/2001/XMLSchema-instance" xmlns:xsd="http://www.w3.org/2001/XMLSchema" xmlns:soapenv="http://schemas.xmlsoap.org/soap/envelope/" xmlns:urn="urn:SMSServiceControllerwsdl">
   <soapenv:Header/>
   <soapenv:Body>
      <urn:getDeliveryStatusChangeCount soapenv:encodingStyle="http://schemas.xmlsoap.org/soap/encoding/">
         <systemName xsi:type="xsd:string">awis</systemName>
      </urn:getDeliveryStatusChangeCount>
   </soapenv:Body>
</soapenv:Envelope>]]></con:request><con:assertion type="Valid HTTP Status Codes" name="Valid HTTP Status Codes"><con:configuration><codes>200</codes></con:configuration></con:assertion><con:assertion type="XPath Match" name="DataExists"><con:configuration><path>exists(//Value/Data)</path><content>true</content><allowWildcards>false</allowWildcards><ignoreNamspaceDifferences>false</ignoreNamspaceDifferences><ignoreComments>false</ignoreComments></con:configuration></con:assertion><con:assertion type="XPath Match" name="TypeExists"><con:configuration><path>exists(//Value/Type)</path><content>true</content><allowWildcards>false</allowWildcards><ignoreNamspaceDifferences>false</ignoreNamspaceDifferences><ignoreComments>false</ignoreComments></con:configuration></con:assertion><con:assertion type="XPath Match" name="XPath MatchisDataMoreThan0"><con:configuration><path>Value/Data >=0</path><content>true</content><allowWildcards>false</allowWildcards><ignoreNamspaceDifferences>false</ignoreNamspaceDifferences><ignoreComments>false</ignoreComments></con:configuration></con:assertion><con:credentials><con:selectedAuthProfile>Basic</con:selectedAuthProfile><con:addedBasicAuthenticationTypes>Basic</con:addedBasicAuthenticationTypes><con:authType>Global HTTP Settings</con:authType></con:credentials><con:jmsConfig JMSDeliveryMode="PERSISTENT"/><con:jmsPropertyConfig/><con:wsaConfig mustUnderstand="NONE" version="200508"/><con:wsrmConfig version="1.2"/></con:request></con:config></con:testStep><con:testStep type="goto" name="isDataEquals0"><con:settings/><con:config xsi:type="con:GotoStep" xmlns:xsi="http://www.w3.org/2001/XMLSchema-instance"><con:condition><con:name>DataMoreThan0</con:name><con:type>XPATH</con:type><con:expression>Value/Data=0</con:expression><con:targetStep>TestSendSms10</con:targetStep></con:condition></con:config></con:testStep><con:testStep type="request" name="TestGetDeliveryStatusData"><con:settings/><con:config xsi:type="con:RequestStep" xmlns:xsi="http://www.w3.org/2001/XMLSchema-instance"><con:interface>SMSServiceControllerBinding</con:interface><con:operation>getDeliveryStatusData</con:operation><con:request name="TestGetDeliveryStatusData"><con:settings><con:setting id="com.eviware.soapui.impl.wsdl.WsdlRequest@request-headers">&lt;xml-fragment/></con:setting></con:settings><con:encoding>UTF-8</con:encoding><con:endpoint>${#Project#serviceUrl}</con:endpoint><con:request><![CDATA[<soapenv:Envelope xmlns:xsi="http://www.w3.org/2001/XMLSchema-instance" xmlns:xsd="http://www.w3.org/2001/XMLSchema" xmlns:soapenv="http://schemas.xmlsoap.org/soap/envelope/" xmlns:urn="urn:SMSServiceControllerwsdl">
   <soapenv:Header/>
   <soapenv:Body>
      <urn:getDeliveryStatusData soapenv:encodingStyle="http://schemas.xmlsoap.org/soap/encoding/">
         <systemName xsi:type="xsd:string">awis</systemName>
      </urn:getDeliveryStatusData>
   </soapenv:Body>
</soapenv:Envelope>]]></con:request><con:assertion type="Invalid HTTP Status Codes" name="Invalid HTTP Status Codes"><con:configuration><codes>400,407,404,500</codes></con:configuration></con:assertion><con:assertion type="XPath Match" name="XPath Match"><con:configuration><path>exists (Structure/ValueTable/Columns/Column/Name)</path><content>true</content><allowWildcards>false</allowWildcards><ignoreNamspaceDifferences>false</ignoreNamspaceDifferences><ignoreComments>false</ignoreComments></con:configuration></con:assertion><con:credentials><con:selectedAuthProfile>Basic</con:selectedAuthProfile><con:addedBasicAuthenticationTypes>Basic</con:addedBasicAuthenticationTypes><con:authType>Global HTTP Settings</con:authType></con:credentials><con:jmsConfig JMSDeliveryMode="PERSISTENT"/><con:jmsPropertyConfig/><con:wsaConfig mustUnderstand="NONE" version="200508"/><con:wsrmConfig version="1.2"/></con:request></con:config></con:testStep><con:testStep type="request" name="TestSendSms10"><con:settings/><con:config xsi:type="con:RequestStep" xmlns:xsi="http://www.w3.org/2001/XMLSchema-instance"><con:interface>SMSServiceControllerBinding</con:interface><con:operation>sendMessages</con:operation><con:request name="TestSendSms10"><con:settings><con:setting id="com.eviware.soapui.impl.wsdl.WsdlRequest@request-headers">&lt;xml-fragment/></con:setting></con:settings><con:encoding>UTF-8</con:encoding><con:endpoint>${#Project#serviceUrl}</con:endpoint><con:request><![CDATA[<soapenv:Envelope xmlns:xsi="http://www.w3.org/2001/XMLSchema-instance" xmlns:xsd="http://www.w3.org/2001/XMLSchema" xmlns:soapenv="http://schemas.xmlsoap.org/soap/envelope/" xmlns:urn="urn:SMSServiceControllerwsdl">
   <soapenv:Header/>
   <soapenv:Body>
      <urn:sendMessages soapenv:encodingStyle="http://schemas.xmlsoap.org/soap/encoding/">
         <xml xsi:type="xsd:string"><?xml version="1.0" encoding="UTF-8"?>
<Structure>
	<Value name="operation">
		<Type>String</Type>
		<Data>sendMessages</Data>
	</Value>
	<Array name="messageArray">
		<Structure>
			<Value name="id">
				<Type>String</Type>
				<Data>1182</Data>
			</Value>
			<Value name="phone">
				<Type>String</Type>
				<Data>0937447982</Data>
			</Value>
			<Value name="text">
				<Type>String</Type>
				<Data>sms1</Data>
			</Value>
		</Structure>
		<Structure>
			<Value name="id">
				<Type>String</Type>
				<Data> 332</Data>
			</Value>
			<Value name="phone">
				<Type>String</Type>
				<Data> 0937447982</Data>
			</Value>
			<Value name="text">
				<Type>String</Type>
				<Data>sms2</Data>
			</Value>
		</Structure>
		<Structure>
			<Value name="id">
				<Type>String</Type>
				<Data>112</Data>
			</Value>
			<Value name="phone">
				<Type>String</Type>
				<Data>0937447982</Data>
			</Value>
			<Value name="text">
				<Type>String</Type>
				<Data>sms3</Data>
			</Value>
		</Structure>
		<Structure>
			<Value name="id">
				<Type>String</Type>
				<Data> 332</Data>
			</Value>
			<Value name="phone">
				<Type>String</Type>
				<Data> 0937447982</Data>
			</Value>
			<Value name="text">
				<Type>String</Type>
				<Data>sms4</Data>
			</Value>
		</Structure>
		<Structure>
			<Value name="id">
				<Type>String</Type>
				<Data>112</Data>
			</Value>
			<Value name="phone">
				<Type>String</Type>
				<Data>0937447982</Data>
			</Value>
			<Value name="text">
				<Type>String</Type>
				<Data>sms1</Data>
			</Value>
		</Structure>
		<Structure>
			<Value name="id">
				<Type>String</Type>
				<Data> 332</Data>
			</Value>
			<Value name="phone">
				<Type>String</Type>
				<Data> 0937447982</Data>
			</Value>
			<Value name="text">
				<Type>String</Type>
				<Data>sms6</Data>
			</Value>
		</Structure>
		<Structure>
			<Value name="id">
				<Type>String</Type>
				<Data>112</Data>
			</Value>
			<Value name="phone">
				<Type>String</Type>
				<Data>0937447982</Data>
			</Value>
			<Value name="text">
				<Type>String</Type>
				<Data>sms7</Data>
			</Value>
		</Structure>
		<Structure>
			<Value name="id">
				<Type>String</Type>
				<Data> 332</Data>
			</Value>
			<Value name="phone">
				<Type>String</Type>
				<Data> 0937447982</Data>
			</Value>
			<Value name="text">
				<Type>String</Type>
				<Data>sms8</Data>
			</Value>
		</Structure>
		<Structure>
			<Value name="id">
				<Type>String</Type>
				<Data>112</Data>
			</Value>
			<Value name="phone">
				<Type>String</Type>
				<Data>0937447982</Data>
			</Value>
			<Value name="text">
				<Type>String</Type>
				<Data>sms9</Data>
			</Value>
		</Structure>
		<Structure>
			<Value name="id">
				<Type>String</Type>
				<Data> 332</Data>
			</Value>
			<Value name="phone">
				<Type>String</Type>
				<Data> 0937447982</Data>
			</Value>
			<Value name="text">
				<Type>String</Type>
				<Data>sms10</Data>
			</Value>
		</Structure>
	</Array>
</Structure>
</xml>
         <systemName xsi:type="xsd:string">awis</systemName>
      </urn:sendMessages>
   </soapenv:Body>
</soapenv:Envelope>]]></con:request><con:assertion type="Invalid HTTP Status Codes" name="Invalid HTTP Status Codes"><con:configuration><codes>400,407,404,500</codes></con:configuration></con:assertion><con:credentials><con:selectedAuthProfile>Basic</con:selectedAuthProfile><con:addedBasicAuthenticationTypes>Basic</con:addedBasicAuthenticationTypes><con:authType>Global HTTP Settings</con:authType></con:credentials><con:jmsConfig JMSDeliveryMode="PERSISTENT"/><con:jmsPropertyConfig/><con:wsaConfig mustUnderstand="NONE" version="200508"/><con:wsrmConfig version="1.2"/></con:request></con:config></con:testStep><con:testStep type="delay" name="Delay10"><con:settings/><con:config><delay>2000</delay></con:config></con:testStep><con:testStep type="request" name="Test GetDeliveryStatusChangeCount10"><con:settings/><con:config xsi:type="con:RequestStep" xmlns:xsi="http://www.w3.org/2001/XMLSchema-instance"><con:interface>SMSServiceControllerBinding</con:interface><con:operation>getDeliveryStatusChangeCount</con:operation><con:request name="Test GetDeliveryStatusChangeCount10"><con:settings><con:setting id="com.eviware.soapui.impl.wsdl.WsdlRequest@request-headers">&lt;xml-fragment/></con:setting></con:settings><con:encoding>UTF-8</con:encoding><con:endpoint>${#Project#serviceUrl}</con:endpoint><con:request><![CDATA[<soapenv:Envelope xmlns:xsi="http://www.w3.org/2001/XMLSchema-instance" xmlns:xsd="http://www.w3.org/2001/XMLSchema" xmlns:soapenv="http://schemas.xmlsoap.org/soap/envelope/" xmlns:urn="urn:SMSServiceControllerwsdl">
   <soapenv:Header/>
   <soapenv:Body>
      <urn:getDeliveryStatusChangeCount soapenv:encodingStyle="http://schemas.xmlsoap.org/soap/encoding/">
         <systemName xsi:type="xsd:string">awis</systemName>
      </urn:getDeliveryStatusChangeCount>
   </soapenv:Body>
</soapenv:Envelope>]]></con:request><con:assertion type="Valid HTTP Status Codes" name="Valid HTTP Status Codes"><con:configuration><codes>200</codes></con:configuration></con:assertion><con:assertion type="XPath Match" name="DataMoreThan0"><con:configuration><path>Value/Data >=0</path><content>true</content><allowWildcards>false</allowWildcards><ignoreNamspaceDifferences>false</ignoreNamspaceDifferences><ignoreComments>false</ignoreComments></con:configuration></con:assertion><con:assertion type="XPath Match" name="DataExists"><con:configuration><path>exists(//Value/Data)</path><content>true</content><allowWildcards>false</allowWildcards><ignoreNamspaceDifferences>false</ignoreNamspaceDifferences><ignoreComments>false</ignoreComments></con:configuration></con:assertion><con:assertion type="XPath Match" name="TypeExists"><con:configuration><path>exists(//Value/Type)</path><content>true</content><allowWildcards>false</allowWildcards><ignoreNamspaceDifferences>false</ignoreNamspaceDifferences><ignoreComments>false</ignoreComments></con:configuration></con:assertion><con:credentials><con:selectedAuthProfile>Basic</con:selectedAuthProfile><con:addedBasicAuthenticationTypes>Basic</con:addedBasicAuthenticationTypes><con:authType>Global HTTP Settings</con:authType></con:credentials><con:jmsConfig JMSDeliveryMode="PERSISTENT"/><con:jmsPropertyConfig/><con:wsaConfig mustUnderstand="NONE" version="200508"/><con:wsrmConfig version="1.2"/></con:request></con:config></con:testStep><con:testStep type="goto" name="isDataEquals0 10"><con:settings/><con:config xsi:type="con:GotoStep" xmlns:xsi="http://www.w3.org/2001/XMLSchema-instance"><con:condition><con:name>DataMoreThan0</con:name><con:type>XPATH</con:type><con:expression>Value/Data=0</con:expression><con:targetStep>HTTP Test StatusResponse</con:targetStep></con:condition></con:config></con:testStep><con:testStep type="request" name="TestGetDeliveryStatusData 10"><con:settings/><con:config xsi:type="con:RequestStep" xmlns:xsi="http://www.w3.org/2001/XMLSchema-instance"><con:interface>SMSServiceControllerBinding</con:interface><con:operation>getDeliveryStatusData</con:operation><con:request name="TestGetDeliveryStatusData 10"><con:settings><con:setting id="com.eviware.soapui.impl.wsdl.WsdlRequest@request-headers">&lt;xml-fragment/></con:setting></con:settings><con:encoding>UTF-8</con:encoding><con:endpoint>${#Project#serviceUrl}</con:endpoint><con:request><![CDATA[<soapenv:Envelope xmlns:xsi="http://www.w3.org/2001/XMLSchema-instance" xmlns:xsd="http://www.w3.org/2001/XMLSchema" xmlns:soapenv="http://schemas.xmlsoap.org/soap/envelope/" xmlns:urn="urn:SMSServiceControllerwsdl">
   <soapenv:Header/>
   <soapenv:Body>
      <urn:getDeliveryStatusData soapenv:encodingStyle="http://schemas.xmlsoap.org/soap/encoding/">
         <systemName xsi:type="xsd:string">awis</systemName>
      </urn:getDeliveryStatusData>
   </soapenv:Body>
</soapenv:Envelope>]]></con:request><con:assertion type="Invalid HTTP Status Codes" name="Invalid HTTP Status Codes"><con:configuration><codes>400,407,404,500</codes></con:configuration></con:assertion><con:assertion type="XPath Match" name="XPath Match"><con:configuration><path>exists (Structure/ValueTable/Columns/Column/Name)</path><content>true</content><allowWildcards>false</allowWildcards><ignoreNamspaceDifferences>false</ignoreNamspaceDifferences><ignoreComments>false</ignoreComments></con:configuration></con:assertion><con:credentials><con:selectedAuthProfile>Basic</con:selectedAuthProfile><con:addedBasicAuthenticationTypes>Basic</con:addedBasicAuthenticationTypes><con:authType>Global HTTP Settings</con:authType></con:credentials><con:jmsConfig JMSDeliveryMode="PERSISTENT"/><con:jmsPropertyConfig/><con:wsaConfig mustUnderstand="NONE" version="200508"/><con:wsrmConfig version="1.2"/></con:request></con:config></con:testStep><con:testStep type="httprequest" name="HTTP Test StatusResponse"><con:settings/><con:config method="POST" xsi:type="con:HttpRequest" name="HTTP Test StatusResponse" postQueryString="false" mediaType="application/xml" xmlns:xsi="http://www.w3.org/2001/XMLSchema-instance"><con:settings><con:setting id="com.eviware.soapui.impl.wsdl.WsdlRequest@request-headers">&lt;xml-fragment/></con:setting></con:settings><con:endpoint>${#Project#serviceUrl}</con:endpoint><con:request><![CDATA[<?xml version="1.0" encoding="UTF-8" standalone="yes"?>
<status groupid="13404" date="Wed, 16 Jul 2014 16:15:37 +0300">
	<detail>
		<id>158265799</id>
		<state>Accepted</state>
	</detail>
	<detail>
		<id>158265800</id>
		<state>Accepted</state>
	</detail>
</status>]]></con:request><con:assertion type="Invalid HTTP Status Codes" name="Invalid HTTP Status Codes"><con:configuration><codes>400,407,404,500</codes></con:configuration></con:assertion><con:assertion type="Valid HTTP Status Codes" name="Valid HTTP Status Codes"><con:configuration><codes>200</codes></con:configuration></con:assertion><con:assertion type="XPath Match" name="XPath Match"><con:configuration><path>status = "accepted"</path><content>true</content><allowWildcards>false</allowWildcards><ignoreNamspaceDifferences>false</ignoreNamspaceDifferences><ignoreComments>false</ignoreComments></con:configuration></con:assertion><con:credentials><con:selectedAuthProfile>Basic</con:selectedAuthProfile><con:addedBasicAuthenticationTypes>Basic</con:addedBasicAuthenticationTypes><con:authType>Global HTTP Settings</con:authType></con:credentials><con:jmsConfig JMSDeliveryMode="PERSISTENT"/><con:jmsPropertyConfig/><con:parameters/></con:config></con:testStep><con:properties/></con:testCase><con:properties/></con:testSuite><con:properties><con:property><con:name>serviceUrl</con:name><con:value>http://dev-esb01.np.ua:7676/legacy</con:value></con:property></con:properties><con:wssContainer/><con:oAuth2ProfileContainer/><con:sensitiveInformation/></con:soapui-project>